Build started 8/26/2015 6:42:19 PM.
     1>Project "c:\Users\panacloud\documents\visual studio 2010\Projects\cenry\cenry\cenry.vcxproj" on node 2 (build target(s)).
     1>InitializeBuildStatus:
         Creating "Debug\cenry.unsuccessfulbuild" because "AlwaysCreate" was specified.
       ClCompile:
         D:\VS2010\VC\bin\CL.exe /c /ZI /nologo /W3 /WX- /Od /Oy- /D WIN32 /D _DEBUG /D _CONSOLE /D _UNICODE /D UNICODE /Gm /EHsc /RTC1 /MDd /GS /fp:precise /Zc:wchar_t /Zc:forScope /Fo"Debug\\" /Fd"Debug\vc100.pdb" /Gd /TP /analyze- /errorReport:prompt razaproject.cpp
         razaproject.cpp
       ManifestResourceCompile:
         All outputs are up-to-date.
       Link:
         D:\VS2010\VC\bin\link.exe /ERRORREPORT:PROMPT /OUT:"c:\users\panacloud\documents\visual studio 2010\Projects\cenry\Debug\cenry.exe" /INCREMENTAL /NOLOGO kernel32.lib user32.lib gdi32.lib winspool.lib comdlg32.lib advapi32.lib shell32.lib ole32.lib oleaut32.lib uuid.lib odbc32.lib odbccp32.lib /MANIFEST /ManifestFile:"Debug\cenry.exe.intermediate.manifest" /MANIFESTUAC:"level='asInvoker' uiAccess='false'" /DEBUG /PDB:"c:\users\panacloud\documents\visual studio 2010\Projects\cenry\Debug\cenry.pdb" /SUBSYSTEM:CONSOLE /TLBID:1 /DYNAMICBASE /NXCOMPAT /IMPLIB:"c:\users\panacloud\documents\visual studio 2010\Projects\cenry\Debug\cenry.lib" /MACHINE:X86 Debug\cenry.exe.embed.manifest.res
         Debug\razaproject.obj
       Manifest:
         C:\Program Files (x86)\Microsoft SDKs\Windows\v7.0A\bin\mt.exe /nologo /verbose /out:"Debug\cenry.exe.embed.manifest" /manifest Debug\cenry.exe.intermediate.manifest
         All outputs are up-to-date.
       LinkEmbedManifest:
         All outputs are up-to-date.
         cenry.vcxproj -> c:\users\panacloud\documents\visual studio 2010\Projects\cenry\Debug\cenry.exe
       FinalizeBuildStatus:
         Deleting file "Debug\cenry.unsuccessfulbuild".
         Touching "Debug\cenry.lastbuildstate".
     1>Done Building Project "c:\Users\panacloud\documents\visual studio 2010\Projects\cenry\cenry\cenry.vcxproj" (build target(s)).

Build succeeded.

Time Elapsed 00:00:01.30
